2018-10-07 09:43:44,484 [Worker-0] INFO  o.e.m.c.i.p.ProjectConfigurationManager - Collecting project info '/pom.xml' D:\CucumberMobileAutomation\MobileAutomation\pom.xml
2018-10-07 09:43:48,240 [Worker-0] INFO  o.e.m.c.i.l.LifecycleMappingFactory - Using org.eclipse.m2e.jdt.JarLifecycleMapping lifecycle mapping for MavenProject: CucumberwithMobile:MobileAutomation:0.0.1-SNAPSHOT @ D:\CucumberMobileAutomation\MobileAutomation\pom.xml.
2018-10-07 09:43:50,656 [Worker-0] INFO  o.e.m.j.i.AbstractJavaProjectConfigurator - Adding source folder /MobileAutomation/src/main/java
2018-10-07 09:43:50,697 [Worker-0] INFO  o.e.m.j.i.AbstractJavaProjectConfigurator - Adding source folder /MobileAutomation/src/test/java
2018-10-07 09:43:54,976 [Worker-0] INFO  o.e.m.c.i.p.ProjectConfigurationManager - Imported and configured 1 project(s) in 10 sec
2018-10-07 09:43:56,956 [Worker-1] INFO  o.e.m.c.i.embedder.EclipseLogger - Using 'UTF-8' encoding to copy filtered resources.
2018-10-07 09:43:56,959 [Worker-1] INFO  o.e.m.c.i.embedder.EclipseLogger - skip non existing resourceDirectory D:\CucumberMobileAutomation\MobileAutomation\src\main\resources
2018-10-07 09:43:56,970 [Worker-1] INFO  o.e.m.c.i.embedder.EclipseLogger - Using 'UTF-8' encoding to copy filtered resources.
2018-10-07 09:43:56,971 [Worker-1] INFO  o.e.m.c.i.embedder.EclipseLogger - skip non existing resourceDirectory D:\CucumberMobileAutomation\MobileAutomation\src\test\resources
2018-10-07 09:44:59,304 [Worker-0] INFO  o.e.m.c.i.l.LifecycleMappingFactory - Using org.eclipse.m2e.jdt.JarLifecycleMapping lifecycle mapping for MavenProject: CucumberwithMobile:MobileAutomation:0.0.1-SNAPSHOT @ D:\CucumberMobileAutomation\MobileAutomation\pom.xml.
2018-10-07 09:45:06,796 [Worker-0] INFO  o.e.m.c.i.embedder.EclipseLogger - Using 'UTF-8' encoding to copy filtered resources.
2018-10-07 09:45:06,797 [Worker-0] INFO  o.e.m.c.i.embedder.EclipseLogger - skip non existing resourceDirectory D:\CucumberMobileAutomation\MobileAutomation\src\main\resources
2018-10-07 09:45:06,816 [Worker-0] INFO  o.e.m.c.i.embedder.EclipseLogger - Using 'UTF-8' encoding to copy filtered resources.
2018-10-07 09:45:06,817 [Worker-0] INFO  o.e.m.c.i.embedder.EclipseLogger - skip non existing resourceDirectory D:\CucumberMobileAutomation\MobileAutomation\src\test\resources
2018-10-07 09:45:14,349 [Worker-1] INFO  o.e.m.c.i.embedder.EclipseLogger - Using 'UTF-8' encoding to copy filtered resources.
2018-10-07 09:45:14,350 [Worker-1] INFO  o.e.m.c.i.embedder.EclipseLogger - skip non existing resourceDirectory D:\CucumberMobileAutomation\MobileAutomation\src\main\resources
2018-10-07 09:45:14,353 [Worker-1] INFO  o.e.m.c.i.embedder.EclipseLogger - Using 'UTF-8' encoding to copy filtered resources.
2018-10-07 09:45:14,354 [Worker-1] INFO  o.e.m.c.i.embedder.EclipseLogger - skip non existing resourceDirectory D:\CucumberMobileAutomation\MobileAutomation\src\test\resources
2018-10-07 09:45:15,842 [Worker-4] INFO  o.e.m.c.i.embedder.EclipseLogger - Using 'UTF-8' encoding to copy filtered resources.
2018-10-07 09:45:15,843 [Worker-4] INFO  o.e.m.c.i.embedder.EclipseLogger - skip non existing resourceDirectory D:\CucumberMobileAutomation\MobileAutomation\src\main\resources
2018-10-07 09:45:15,848 [Worker-4] INFO  o.e.m.c.i.embedder.EclipseLogger - Using 'UTF-8' encoding to copy filtered resources.
2018-10-07 09:45:15,850 [Worker-4] INFO  o.e.m.c.i.embedder.EclipseLogger - skip non existing resourceDirectory D:\CucumberMobileAutomation\MobileAutomation\src\test\resources
2018-10-07 09:45:30,981 [Worker-1] INFO  o.e.m.c.i.embedder.EclipseLogger - Using 'UTF-8' encoding to copy filtered resources.
2018-10-07 09:45:30,983 [Worker-1] INFO  o.e.m.c.i.embedder.EclipseLogger - skip non existing resourceDirectory D:\CucumberMobileAutomation\MobileAutomation\src\main\resources
2018-10-07 09:45:30,990 [Worker-1] INFO  o.e.m.c.i.embedder.EclipseLogger - Using 'UTF-8' encoding to copy filtered resources.
2018-10-07 09:45:30,992 [Worker-1] INFO  o.e.m.c.i.embedder.EclipseLogger - skip non existing resourceDirectory D:\CucumberMobileAutomation\MobileAutomation\src\test\resources
2018-10-07 09:46:23,406 [Worker-14] INFO  o.e.m.c.i.embedder.EclipseLogger - Using 'UTF-8' encoding to copy filtered resources.
2018-10-07 09:46:23,409 [Worker-14] INFO  o.e.m.c.i.embedder.EclipseLogger - skip non existing resourceDirectory D:\CucumberMobileAutomation\MobileAutomation\src\main\resources
2018-10-07 09:46:23,415 [Worker-14] INFO  o.e.m.c.i.embedder.EclipseLogger - Using 'UTF-8' encoding to copy filtered resources.
2018-10-07 09:46:23,417 [Worker-14] INFO  o.e.m.c.i.embedder.EclipseLogger - skip non existing resourceDirectory D:\CucumberMobileAutomation\MobileAutomation\src\test\resources
2018-10-07 09:46:27,119 [Worker-4] INFO  o.e.m.c.i.embedder.EclipseLogger - Using 'UTF-8' encoding to copy filtered resources.
2018-10-07 09:46:27,120 [Worker-4] INFO  o.e.m.c.i.embedder.EclipseLogger - skip non existing resourceDirectory D:\CucumberMobileAutomation\MobileAutomation\src\main\resources
2018-10-07 09:46:27,125 [Worker-4] INFO  o.e.m.c.i.embedder.EclipseLogger - Using 'UTF-8' encoding to copy filtered resources.
2018-10-07 09:46:27,127 [Worker-4] INFO  o.e.m.c.i.embedder.EclipseLogger - skip non existing resourceDirectory D:\CucumberMobileAutomation\MobileAutomation\src\test\resources
2018-10-07 09:46:40,573 [Worker-14] INFO  o.e.m.c.i.embedder.EclipseLogger - Using 'UTF-8' encoding to copy filtered resources.
2018-10-07 09:46:40,574 [Worker-14] INFO  o.e.m.c.i.embedder.EclipseLogger - skip non existing resourceDirectory D:\CucumberMobileAutomation\MobileAutomation\src\main\resources
2018-10-07 09:46:40,580 [Worker-14] INFO  o.e.m.c.i.embedder.EclipseLogger - Using 'UTF-8' encoding to copy filtered resources.
2018-10-07 09:46:40,582 [Worker-14] INFO  o.e.m.c.i.embedder.EclipseLogger - skip non existing resourceDirectory D:\CucumberMobileAutomation\MobileAutomation\src\test\resources
2018-10-07 09:47:01,542 [Worker-6] INFO  o.e.m.c.i.embedder.EclipseLogger - Using 'UTF-8' encoding to copy filtered resources.
2018-10-07 09:47:01,543 [Worker-6] INFO  o.e.m.c.i.embedder.EclipseLogger - skip non existing resourceDirectory D:\CucumberMobileAutomation\MobileAutomation\src\main\resources
2018-10-07 09:47:01,547 [Worker-6] INFO  o.e.m.c.i.embedder.EclipseLogger - Using 'UTF-8' encoding to copy filtered resources.
2018-10-07 09:47:01,548 [Worker-6] INFO  o.e.m.c.i.embedder.EclipseLogger - skip non existing resourceDirectory D:\CucumberMobileAutomation\MobileAutomation\src\test\resources
2018-10-07 09:47:24,712 [Worker-6] INFO  o.e.m.c.i.embedder.EclipseLogger - Using 'UTF-8' encoding to copy filtered resources.
2018-10-07 09:47:24,713 [Worker-6] INFO  o.e.m.c.i.embedder.EclipseLogger - skip non existing resourceDirectory D:\CucumberMobileAutomation\MobileAutomation\src\main\resources
2018-10-07 09:47:24,718 [Worker-6] INFO  o.e.m.c.i.embedder.EclipseLogger - Using 'UTF-8' encoding to copy filtered resources.
2018-10-07 09:47:24,720 [Worker-6] INFO  o.e.m.c.i.embedder.EclipseLogger - skip non existing resourceDirectory D:\CucumberMobileAutomation\MobileAutomation\src\test\resources
2018-10-07 09:47:32,239 [Worker-4] INFO  o.e.m.c.i.embedder.EclipseLogger - Using 'UTF-8' encoding to copy filtered resources.
2018-10-07 09:47:32,240 [Worker-4] INFO  o.e.m.c.i.embedder.EclipseLogger - skip non existing resourceDirectory D:\CucumberMobileAutomation\MobileAutomation\src\main\resources
2018-10-07 09:47:32,245 [Worker-4] INFO  o.e.m.c.i.embedder.EclipseLogger - Using 'UTF-8' encoding to copy filtered resources.
2018-10-07 09:47:32,247 [Worker-4] INFO  o.e.m.c.i.embedder.EclipseLogger - skip non existing resourceDirectory D:\CucumberMobileAutomation\MobileAutomation\src\test\resources
2018-10-07 09:47:37,382 [Worker-4] INFO  o.e.m.c.i.embedder.EclipseLogger - Using 'UTF-8' encoding to copy filtered resources.
2018-10-07 09:47:37,384 [Worker-4] INFO  o.e.m.c.i.embedder.EclipseLogger - skip non existing resourceDirectory D:\CucumberMobileAutomation\MobileAutomation\src\main\resources
2018-10-07 09:47:37,389 [Worker-4] INFO  o.e.m.c.i.embedder.EclipseLogger - Using 'UTF-8' encoding to copy filtered resources.
2018-10-07 09:47:37,391 [Worker-4] INFO  o.e.m.c.i.embedder.EclipseLogger - skip non existing resourceDirectory D:\CucumberMobileAutomation\MobileAutomation\src\test\resources
2018-10-07 09:47:55,922 [Worker-2] INFO  o.e.m.c.i.embedder.EclipseLogger - Using 'UTF-8' encoding to copy filtered resources.
2018-10-07 09:47:55,923 [Worker-2] INFO  o.e.m.c.i.embedder.EclipseLogger - skip non existing resourceDirectory D:\CucumberMobileAutomation\MobileAutomation\src\main\resources
2018-10-07 09:47:55,929 [Worker-2] INFO  o.e.m.c.i.embedder.EclipseLogger - Using 'UTF-8' encoding to copy filtered resources.
2018-10-07 09:47:55,930 [Worker-2] INFO  o.e.m.c.i.embedder.EclipseLogger - skip non existing resourceDirectory D:\CucumberMobileAutomation\MobileAutomation\src\test\resources
2018-10-07 09:48:28,994 [Worker-11] INFO  o.e.m.c.i.embedder.EclipseLogger - Using 'UTF-8' encoding to copy filtered resources.
2018-10-07 09:48:28,996 [Worker-11] INFO  o.e.m.c.i.embedder.EclipseLogger - skip non existing resourceDirectory D:\CucumberMobileAutomation\MobileAutomation\src\main\resources
2018-10-07 09:48:29,003 [Worker-11] INFO  o.e.m.c.i.embedder.EclipseLogger - Using 'UTF-8' encoding to copy filtered resources.
2018-10-07 09:48:29,007 [Worker-11] INFO  o.e.m.c.i.embedder.EclipseLogger - skip non existing resourceDirectory D:\CucumberMobileAutomation\MobileAutomation\src\test\resources
2018-10-07 09:50:42,657 [Worker-4] INFO  o.e.m.c.i.embedder.EclipseLogger - Using 'UTF-8' encoding to copy filtered resources.
2018-10-07 09:50:42,659 [Worker-4] INFO  o.e.m.c.i.embedder.EclipseLogger - skip non existing resourceDirectory D:\CucumberMobileAutomation\MobileAutomation\src\main\resources
2018-10-07 09:50:42,665 [Worker-4] INFO  o.e.m.c.i.embedder.EclipseLogger - Using 'UTF-8' encoding to copy filtered resources.
2018-10-07 09:50:42,666 [Worker-4] INFO  o.e.m.c.i.embedder.EclipseLogger - skip non existing resourceDirectory D:\CucumberMobileAutomation\MobileAutomation\src\test\resources
2018-10-07 09:50:49,107 [Worker-4] INFO  o.e.m.c.i.embedder.EclipseLogger - Using 'UTF-8' encoding to copy filtered resources.
2018-10-07 09:50:49,108 [Worker-4] INFO  o.e.m.c.i.embedder.EclipseLogger - skip non existing resourceDirectory D:\CucumberMobileAutomation\MobileAutomation\src\main\resources
2018-10-07 09:50:49,115 [Worker-4] INFO  o.e.m.c.i.embedder.EclipseLogger - Using 'UTF-8' encoding to copy filtered resources.
2018-10-07 09:50:49,117 [Worker-4] INFO  o.e.m.c.i.embedder.EclipseLogger - skip non existing resourceDirectory D:\CucumberMobileAutomation\MobileAutomation\src\test\resources
2018-10-07 09:51:27,565 [Worker-0] INFO  o.e.m.c.i.l.LifecycleMappingFactory - Using org.eclipse.m2e.jdt.JarLifecycleMapping lifecycle mapping for MavenProject: CucumberwithMobile:MobileAutomation:0.0.1-SNAPSHOT @ D:\CucumberMobileAutomation\MobileAutomation\pom.xml.
2018-10-07 09:51:32,044 [Worker-0] INFO  o.e.m.c.i.embedder.EclipseLogger - Using 'UTF-8' encoding to copy filtered resources.
2018-10-07 09:51:32,045 [Worker-0] INFO  o.e.m.c.i.embedder.EclipseLogger - skip non existing resourceDirectory D:\CucumberMobileAutomation\MobileAutomation\src\main\resources
2018-10-07 09:51:32,049 [Worker-0] INFO  o.e.m.c.i.embedder.EclipseLogger - Using 'UTF-8' encoding to copy filtered resources.
2018-10-07 09:51:32,049 [Worker-0] INFO  o.e.m.c.i.embedder.EclipseLogger - skip non existing resourceDirectory D:\CucumberMobileAutomation\MobileAutomation\src\test\resources
2018-10-07 09:51:40,528 [Worker-16] INFO  o.e.m.c.i.embedder.EclipseLogger - Using 'UTF-8' encoding to copy filtered resources.
2018-10-07 09:51:40,529 [Worker-16] INFO  o.e.m.c.i.embedder.EclipseLogger - skip non existing resourceDirectory D:\CucumberMobileAutomation\MobileAutomation\src\main\resources
2018-10-07 09:51:40,534 [Worker-16] INFO  o.e.m.c.i.embedder.EclipseLogger - Using 'UTF-8' encoding to copy filtered resources.
2018-10-07 09:51:40,534 [Worker-16] INFO  o.e.m.c.i.embedder.EclipseLogger - skip non existing resourceDirectory D:\CucumberMobileAutomation\MobileAutomation\src\test\resources
2018-10-07 09:52:24,049 [Worker-17] INFO  o.e.m.c.i.embedder.EclipseLogger - Using 'UTF-8' encoding to copy filtered resources.
2018-10-07 09:52:24,050 [Worker-17] INFO  o.e.m.c.i.embedder.EclipseLogger - skip non existing resourceDirectory D:\CucumberMobileAutomation\MobileAutomation\src\main\resources
2018-10-07 09:52:24,053 [Worker-17] INFO  o.e.m.c.i.embedder.EclipseLogger - Using 'UTF-8' encoding to copy filtered resources.
2018-10-07 09:52:24,054 [Worker-17] INFO  o.e.m.c.i.embedder.EclipseLogger - skip non existing resourceDirectory D:\CucumberMobileAutomation\MobileAutomation\src\test\resources
2018-10-07 09:53:00,190 [Worker-16] INFO  o.e.m.c.i.embedder.EclipseLogger - Using 'UTF-8' encoding to copy filtered resources.
2018-10-07 09:53:00,191 [Worker-16] INFO  o.e.m.c.i.embedder.EclipseLogger - skip non existing resourceDirectory D:\CucumberMobileAutomation\MobileAutomation\src\main\resources
2018-10-07 09:53:00,197 [Worker-16] INFO  o.e.m.c.i.embedder.EclipseLogger - Using 'UTF-8' encoding to copy filtered resources.
2018-10-07 09:53:00,199 [Worker-16] INFO  o.e.m.c.i.embedder.EclipseLogger - skip non existing resourceDirectory D:\CucumberMobileAutomation\MobileAutomation\src\test\resources
2018-10-07 09:53:06,448 [Worker-18] INFO  o.e.m.c.i.embedder.EclipseLogger - Using 'UTF-8' encoding to copy filtered resources.
2018-10-07 09:53:06,449 [Worker-18] INFO  o.e.m.c.i.embedder.EclipseLogger - skip non existing resourceDirectory D:\CucumberMobileAutomation\MobileAutomation\src\main\resources
2018-10-07 09:53:06,454 [Worker-18] INFO  o.e.m.c.i.embedder.EclipseLogger - Using 'UTF-8' encoding to copy filtered resources.
2018-10-07 09:53:06,455 [Worker-18] INFO  o.e.m.c.i.embedder.EclipseLogger - skip non existing resourceDirectory D:\CucumberMobileAutomation\MobileAutomation\src\test\resources
2018-10-07 09:53:14,413 [Worker-6] INFO  o.e.m.c.i.embedder.EclipseLogger - Using 'UTF-8' encoding to copy filtered resources.
2018-10-07 09:53:14,414 [Worker-6] INFO  o.e.m.c.i.embedder.EclipseLogger - skip non existing resourceDirectory D:\CucumberMobileAutomation\MobileAutomation\src\main\resources
2018-10-07 09:53:14,419 [Worker-6] INFO  o.e.m.c.i.embedder.EclipseLogger - Using 'UTF-8' encoding to copy filtered resources.
2018-10-07 09:53:14,420 [Worker-6] INFO  o.e.m.c.i.embedder.EclipseLogger - skip non existing resourceDirectory D:\CucumberMobileAutomation\MobileAutomation\src\test\resources
2018-10-07 09:53:21,560 [Worker-18] INFO  o.e.m.c.i.embedder.EclipseLogger - Using 'UTF-8' encoding to copy filtered resources.
2018-10-07 09:53:21,563 [Worker-18] INFO  o.e.m.c.i.embedder.EclipseLogger - skip non existing resourceDirectory D:\CucumberMobileAutomation\MobileAutomation\src\main\resources
2018-10-07 09:53:21,569 [Worker-18] INFO  o.e.m.c.i.embedder.EclipseLogger - Using 'UTF-8' encoding to copy filtered resources.
2018-10-07 09:53:21,571 [Worker-18] INFO  o.e.m.c.i.embedder.EclipseLogger - skip non existing resourceDirectory D:\CucumberMobileAutomation\MobileAutomation\src\test\resources
2018-10-07 09:54:03,135 [Worker-0] INFO  o.e.m.c.i.embedder.EclipseLogger - Using 'UTF-8' encoding to copy filtered resources.
2018-10-07 09:54:03,136 [Worker-0] INFO  o.e.m.c.i.embedder.EclipseLogger - skip non existing resourceDirectory D:\CucumberMobileAutomation\MobileAutomation\src\main\resources
2018-10-07 09:54:03,143 [Worker-0] INFO  o.e.m.c.i.embedder.EclipseLogger - Using 'UTF-8' encoding to copy filtered resources.
2018-10-07 09:54:03,144 [Worker-0] INFO  o.e.m.c.i.embedder.EclipseLogger - skip non existing resourceDirectory D:\CucumberMobileAutomation\MobileAutomation\src\test\resources
2018-10-07 09:54:15,686 [Worker-17] INFO  o.e.m.c.i.p.ProjectConfigurationManager - Update started
2018-10-07 09:54:17,678 [Worker-17] INFO  o.e.m.c.i.l.LifecycleMappingFactory - Using org.eclipse.m2e.jdt.JarLifecycleMapping lifecycle mapping for MavenProject: CucumberwithMobile:MobileAutomation:0.0.1-SNAPSHOT @ D:\CucumberMobileAutomation\MobileAutomation\pom.xml.
2018-10-07 09:54:22,711 [Worker-17] INFO  o.e.m.j.i.AbstractJavaProjectConfigurator - Adding source folder /MobileAutomation/src/main/java
2018-10-07 09:54:22,714 [Worker-17] INFO  o.e.m.j.i.AbstractJavaProjectConfigurator - Adding source folder /MobileAutomation/src/test/java
2018-10-07 09:54:25,306 [Worker-17] INFO  o.e.m.c.i.p.ProjectConfigurationManager - Update completed: 9 sec
2018-10-07 09:54:30,606 [Worker-19] INFO  o.e.m.c.i.embedder.EclipseLogger - Using 'UTF-8' encoding to copy filtered resources.
2018-10-07 09:54:30,607 [Worker-19] INFO  o.e.m.c.i.embedder.EclipseLogger - skip non existing resourceDirectory D:\CucumberMobileAutomation\MobileAutomation\src\main\resources
2018-10-07 09:54:30,665 [Worker-19] INFO  o.e.m.c.i.embedder.EclipseLogger - Using 'UTF-8' encoding to copy filtered resources.
2018-10-07 09:54:30,665 [Worker-19] INFO  o.e.m.c.i.embedder.EclipseLogger - skip non existing resourceDirectory D:\CucumberMobileAutomation\MobileAutomation\src\test\resources
2018-10-07 09:59:26,258 [Worker-0] INFO  o.e.m.c.i.embedder.EclipseLogger - Using 'UTF-8' encoding to copy filtered resources.
2018-10-07 09:59:26,260 [Worker-0] INFO  o.e.m.c.i.embedder.EclipseLogger - skip non existing resourceDirectory D:\CucumberMobileAutomation\MobileAutomation\src\main\resources
2018-10-07 09:59:26,264 [Worker-0] INFO  o.e.m.c.i.embedder.EclipseLogger - Using 'UTF-8' encoding to copy filtered resources.
2018-10-07 09:59:26,265 [Worker-0] INFO  o.e.m.c.i.embedder.EclipseLogger - skip non existing resourceDirectory D:\CucumberMobileAutomation\MobileAutomation\src\test\resources
2018-10-07 09:59:37,175 [Worker-0] INFO  o.e.m.c.i.embedder.EclipseLogger - Using 'UTF-8' encoding to copy filtered resources.
2018-10-07 09:59:37,177 [Worker-0] INFO  o.e.m.c.i.embedder.EclipseLogger - skip non existing resourceDirectory D:\CucumberMobileAutomation\MobileAutomation\src\main\resources
2018-10-07 09:59:37,182 [Worker-0] INFO  o.e.m.c.i.embedder.EclipseLogger - Using 'UTF-8' encoding to copy filtered resources.
2018-10-07 09:59:37,182 [Worker-0] INFO  o.e.m.c.i.embedder.EclipseLogger - skip non existing resourceDirectory D:\CucumberMobileAutomation\MobileAutomation\src\test\resources
2018-10-07 10:05:31,347 [Worker-6] INFO  o.e.m.c.i.embedder.EclipseLogger - Using 'UTF-8' encoding to copy filtered resources.
2018-10-07 10:05:31,349 [Worker-6] INFO  o.e.m.c.i.embedder.EclipseLogger - skip non existing resourceDirectory D:\CucumberMobileAutomation\MobileAutomation\src\main\resources
2018-10-07 10:05:31,352 [Worker-6] INFO  o.e.m.c.i.embedder.EclipseLogger - Using 'UTF-8' encoding to copy filtered resources.
2018-10-07 10:05:31,353 [Worker-6] INFO  o.e.m.c.i.embedder.EclipseLogger - skip non existing resourceDirectory D:\CucumberMobileAutomation\MobileAutomation\src\test\resources
2018-10-07 10:06:11,944 [Worker-18] INFO  o.e.m.c.i.embedder.EclipseLogger - Using 'UTF-8' encoding to copy filtered resources.
2018-10-07 10:06:11,946 [Worker-18] INFO  o.e.m.c.i.embedder.EclipseLogger - skip non existing resourceDirectory D:\CucumberMobileAutomation\MobileAutomation\src\main\resources
2018-10-07 10:06:11,950 [Worker-18] INFO  o.e.m.c.i.embedder.EclipseLogger - Using 'UTF-8' encoding to copy filtered resources.
2018-10-07 10:06:11,951 [Worker-18] INFO  o.e.m.c.i.embedder.EclipseLogger - skip non existing resourceDirectory D:\CucumberMobileAutomation\MobileAutomation\src\test\resources
2018-10-07 10:06:26,830 [Worker-17] INFO  o.e.m.c.i.embedder.EclipseLogger - Using 'UTF-8' encoding to copy filtered resources.
2018-10-07 10:06:26,831 [Worker-17] INFO  o.e.m.c.i.embedder.EclipseLogger - skip non existing resourceDirectory D:\CucumberMobileAutomation\MobileAutomation\src\main\resources
2018-10-07 10:06:26,834 [Worker-17] INFO  o.e.m.c.i.embedder.EclipseLogger - Using 'UTF-8' encoding to copy filtered resources.
2018-10-07 10:06:26,835 [Worker-17] INFO  o.e.m.c.i.embedder.EclipseLogger - skip non existing resourceDirectory D:\CucumberMobileAutomation\MobileAutomation\src\test\resources
2018-10-07 10:10:25,957 [Worker-21] INFO  o.e.m.c.i.embedder.EclipseLogger - Using 'UTF-8' encoding to copy filtered resources.
2018-10-07 10:10:25,958 [Worker-21] INFO  o.e.m.c.i.embedder.EclipseLogger - skip non existing resourceDirectory D:\CucumberMobileAutomation\MobileAutomation\src\main\resources
2018-10-07 10:10:25,961 [Worker-21] INFO  o.e.m.c.i.embedder.EclipseLogger - Using 'UTF-8' encoding to copy filtered resources.
2018-10-07 10:10:25,961 [Worker-21] INFO  o.e.m.c.i.embedder.EclipseLogger - skip non existing resourceDirectory D:\CucumberMobileAutomation\MobileAutomation\src\test\resources
2018-10-07 10:10:51,051 [Worker-20] INFO  o.e.m.c.i.embedder.EclipseLogger - Using 'UTF-8' encoding to copy filtered resources.
2018-10-07 10:10:51,052 [Worker-20] INFO  o.e.m.c.i.embedder.EclipseLogger - skip non existing resourceDirectory D:\CucumberMobileAutomation\MobileAutomation\src\main\resources
2018-10-07 10:10:51,064 [Worker-20] INFO  o.e.m.c.i.embedder.EclipseLogger - Using 'UTF-8' encoding to copy filtered resources.
2018-10-07 10:10:51,065 [Worker-20] INFO  o.e.m.c.i.embedder.EclipseLogger - skip non existing resourceDirectory D:\CucumberMobileAutomation\MobileAutomation\src\test\resources
2018-10-07 10:12:40,549 [Worker-18] INFO  o.e.m.c.i.embedder.EclipseLogger - Using 'UTF-8' encoding to copy filtered resources.
2018-10-07 10:12:40,550 [Worker-18] INFO  o.e.m.c.i.embedder.EclipseLogger - skip non existing resourceDirectory D:\CucumberMobileAutomation\MobileAutomation\src\main\resources
2018-10-07 10:12:40,555 [Worker-18] INFO  o.e.m.c.i.embedder.EclipseLogger - Using 'UTF-8' encoding to copy filtered resources.
2018-10-07 10:12:40,565 [Worker-18] INFO  o.e.m.c.i.embedder.EclipseLogger - skip non existing resourceDirectory D:\CucumberMobileAutomation\MobileAutomation\src\test\resources
2018-10-07 10:13:57,511 [Worker-16] INFO  o.e.m.c.i.embedder.EclipseLogger - Using 'UTF-8' encoding to copy filtered resources.
2018-10-07 10:13:57,512 [Worker-16] INFO  o.e.m.c.i.embedder.EclipseLogger - skip non existing resourceDirectory D:\CucumberMobileAutomation\MobileAutomation\src\main\resources
2018-10-07 10:13:57,517 [Worker-16] INFO  o.e.m.c.i.embedder.EclipseLogger - Using 'UTF-8' encoding to copy filtered resources.
2018-10-07 10:13:57,518 [Worker-16] INFO  o.e.m.c.i.embedder.EclipseLogger - skip non existing resourceDirectory D:\CucumberMobileAutomation\MobileAutomation\src\test\resources
2018-10-07 10:14:57,863 [Worker-19] INFO  o.e.m.c.i.embedder.EclipseLogger - Using 'UTF-8' encoding to copy filtered resources.
2018-10-07 10:14:57,863 [Worker-19] INFO  o.e.m.c.i.embedder.EclipseLogger - skip non existing resourceDirectory D:\CucumberMobileAutomation\MobileAutomation\src\main\resources
2018-10-07 10:14:57,879 [Worker-19] INFO  o.e.m.c.i.embedder.EclipseLogger - Using 'UTF-8' encoding to copy filtered resources.
2018-10-07 10:14:57,879 [Worker-19] INFO  o.e.m.c.i.embedder.EclipseLogger - skip non existing resourceDirectory D:\CucumberMobileAutomation\MobileAutomation\src\test\resources
2018-10-07 10:15:14,966 [Worker-21] INFO  o.e.m.c.i.embedder.EclipseLogger - Using 'UTF-8' encoding to copy filtered resources.
2018-10-07 10:15:15,013 [Worker-21] INFO  o.e.m.c.i.embedder.EclipseLogger - skip non existing resourceDirectory D:\CucumberMobileAutomation\MobileAutomation\src\main\resources
2018-10-07 10:15:15,013 [Worker-21] INFO  o.e.m.c.i.embedder.EclipseLogger - Using 'UTF-8' encoding to copy filtered resources.
2018-10-07 10:15:15,013 [Worker-21] INFO  o.e.m.c.i.embedder.EclipseLogger - skip non existing resourceDirectory D:\CucumberMobileAutomation\MobileAutomation\src\test\resources
2018-10-07 10:15:37,655 [Worker-16] INFO  o.e.m.c.i.embedder.EclipseLogger - Using 'UTF-8' encoding to copy filtered resources.
2018-10-07 10:15:37,655 [Worker-16] INFO  o.e.m.c.i.embedder.EclipseLogger - skip non existing resourceDirectory D:\CucumberMobileAutomation\MobileAutomation\src\main\resources
2018-10-07 10:15:37,671 [Worker-16] INFO  o.e.m.c.i.embedder.EclipseLogger - Using 'UTF-8' encoding to copy filtered resources.
2018-10-07 10:15:37,671 [Worker-16] INFO  o.e.m.c.i.embedder.EclipseLogger - skip non existing resourceDirectory D:\CucumberMobileAutomation\MobileAutomation\src\test\resources
2018-10-07 10:16:25,691 [Worker-0] INFO  o.e.m.c.i.embedder.EclipseLogger - Using 'UTF-8' encoding to copy filtered resources.
2018-10-07 10:16:25,691 [Worker-0] INFO  o.e.m.c.i.embedder.EclipseLogger - skip non existing resourceDirectory D:\CucumberMobileAutomation\MobileAutomation\src\main\resources
2018-10-07 10:16:25,691 [Worker-0] INFO  o.e.m.c.i.embedder.EclipseLogger - Using 'UTF-8' encoding to copy filtered resources.
2018-10-07 10:16:25,691 [Worker-0] INFO  o.e.m.c.i.embedder.EclipseLogger - skip non existing resourceDirectory D:\CucumberMobileAutomation\MobileAutomation\src\test\resources
2018-10-07 10:17:01,265 [Worker-18] INFO  o.e.m.c.i.embedder.EclipseLogger - Using 'UTF-8' encoding to copy filtered resources.
2018-10-07 10:17:01,265 [Worker-18] INFO  o.e.m.c.i.embedder.EclipseLogger - skip non existing resourceDirectory D:\CucumberMobileAutomation\MobileAutomation\src\main\resources
2018-10-07 10:17:01,265 [Worker-18] INFO  o.e.m.c.i.embedder.EclipseLogger - Using 'UTF-8' encoding to copy filtered resources.
2018-10-07 10:17:01,265 [Worker-18] INFO  o.e.m.c.i.embedder.EclipseLogger - skip non existing resourceDirectory D:\CucumberMobileAutomation\MobileAutomation\src\test\resources
2018-10-07 10:18:06,114 [Worker-16] INFO  o.e.m.c.i.embedder.EclipseLogger - Using 'UTF-8' encoding to copy filtered resources.
2018-10-07 10:18:06,114 [Worker-16] INFO  o.e.m.c.i.embedder.EclipseLogger - skip non existing resourceDirectory D:\CucumberMobileAutomation\MobileAutomation\src\main\resources
2018-10-07 10:18:06,114 [Worker-16] INFO  o.e.m.c.i.embedder.EclipseLogger - Using 'UTF-8' encoding to copy filtered resources.
2018-10-07 10:18:06,114 [Worker-16] INFO  o.e.m.c.i.embedder.EclipseLogger - skip non existing resourceDirectory D:\CucumberMobileAutomation\MobileAutomation\src\test\resources
2018-10-07 10:18:28,061 [Worker-22] INFO  o.e.m.c.i.embedder.EclipseLogger - Using 'UTF-8' encoding to copy filtered resources.
2018-10-07 10:18:28,061 [Worker-22] INFO  o.e.m.c.i.embedder.EclipseLogger - skip non existing resourceDirectory D:\CucumberMobileAutomation\MobileAutomation\src\main\resources
2018-10-07 10:18:28,061 [Worker-22] INFO  o.e.m.c.i.embedder.EclipseLogger - Using 'UTF-8' encoding to copy filtered resources.
2018-10-07 10:18:28,061 [Worker-22] INFO  o.e.m.c.i.embedder.EclipseLogger - skip non existing resourceDirectory D:\CucumberMobileAutomation\MobileAutomation\src\test\resources
2018-10-07 10:18:48,859 [Worker-0] INFO  o.e.m.c.i.embedder.EclipseLogger - Using 'UTF-8' encoding to copy filtered resources.
2018-10-07 10:18:48,859 [Worker-0] INFO  o.e.m.c.i.embedder.EclipseLogger - skip non existing resourceDirectory D:\CucumberMobileAutomation\MobileAutomation\src\main\resources
2018-10-07 10:18:48,859 [Worker-0] INFO  o.e.m.c.i.embedder.EclipseLogger - Using 'UTF-8' encoding to copy filtered resources.
2018-10-07 10:18:48,859 [Worker-0] INFO  o.e.m.c.i.embedder.EclipseLogger - skip non existing resourceDirectory D:\CucumberMobileAutomation\MobileAutomation\src\test\resources
2018-10-07 10:18:53,090 [Worker-0] INFO  o.e.m.c.i.embedder.EclipseLogger - Using 'UTF-8' encoding to copy filtered resources.
2018-10-07 10:18:53,090 [Worker-0] INFO  o.e.m.c.i.embedder.EclipseLogger - skip non existing resourceDirectory D:\CucumberMobileAutomation\MobileAutomation\src\main\resources
2018-10-07 10:18:53,106 [Worker-0] INFO  o.e.m.c.i.embedder.EclipseLogger - Using 'UTF-8' encoding to copy filtered resources.
2018-10-07 10:18:53,106 [Worker-0] INFO  o.e.m.c.i.embedder.EclipseLogger - skip non existing resourceDirectory D:\CucumberMobileAutomation\MobileAutomation\src\test\resources
2018-10-07 10:19:16,784 [Worker-19] INFO  o.e.m.c.i.embedder.EclipseLogger - Using 'UTF-8' encoding to copy filtered resources.
2018-10-07 10:19:16,784 [Worker-19] INFO  o.e.m.c.i.embedder.EclipseLogger - skip non existing resourceDirectory D:\CucumberMobileAutomation\MobileAutomation\src\main\resources
2018-10-07 10:19:16,784 [Worker-19] INFO  o.e.m.c.i.embedder.EclipseLogger - Using 'UTF-8' encoding to copy filtered resources.
2018-10-07 10:19:16,784 [Worker-19] INFO  o.e.m.c.i.embedder.EclipseLogger - skip non existing resourceDirectory D:\CucumberMobileAutomation\MobileAutomation\src\test\resources
2018-10-07 10:19:30,126 [Worker-19] INFO  o.e.m.c.i.embedder.EclipseLogger - Using 'UTF-8' encoding to copy filtered resources.
2018-10-07 10:19:30,126 [Worker-19] INFO  o.e.m.c.i.embedder.EclipseLogger - skip non existing resourceDirectory D:\CucumberMobileAutomation\MobileAutomation\src\main\resources
2018-10-07 10:19:30,141 [Worker-19] INFO  o.e.m.c.i.embedder.EclipseLogger - Using 'UTF-8' encoding to copy filtered resources.
2018-10-07 10:19:30,141 [Worker-19] INFO  o.e.m.c.i.embedder.EclipseLogger - skip non existing resourceDirectory D:\CucumberMobileAutomation\MobileAutomation\src\test\resources
2018-10-07 10:21:06,627 [Worker-21] INFO  o.e.m.c.i.embedder.EclipseLogger - Using 'UTF-8' encoding to copy filtered resources.
2018-10-07 10:21:06,627 [Worker-21] INFO  o.e.m.c.i.embedder.EclipseLogger - skip non existing resourceDirectory D:\CucumberMobileAutomation\MobileAutomation\src\main\resources
2018-10-07 10:21:06,627 [Worker-21] INFO  o.e.m.c.i.embedder.EclipseLogger - Using 'UTF-8' encoding to copy filtered resources.
2018-10-07 10:21:06,627 [Worker-21] INFO  o.e.m.c.i.embedder.EclipseLogger - skip non existing resourceDirectory D:\CucumberMobileAutomation\MobileAutomation\src\test\resources
2018-10-07 10:22:08,329 [Worker-16] INFO  o.e.m.c.i.embedder.EclipseLogger - Using 'UTF-8' encoding to copy filtered resources.
2018-10-07 10:22:08,329 [Worker-16] INFO  o.e.m.c.i.embedder.EclipseLogger - skip non existing resourceDirectory D:\CucumberMobileAutomation\MobileAutomation\src\main\resources
2018-10-07 10:22:08,329 [Worker-16] INFO  o.e.m.c.i.embedder.EclipseLogger - Using 'UTF-8' encoding to copy filtered resources.
2018-10-07 10:22:08,329 [Worker-16] INFO  o.e.m.c.i.embedder.EclipseLogger - skip non existing resourceDirectory D:\CucumberMobileAutomation\MobileAutomation\src\test\resources
2018-10-07 10:22:34,768 [Worker-16] INFO  o.e.m.c.i.embedder.EclipseLogger - Using 'UTF-8' encoding to copy filtered resources.
2018-10-07 10:22:34,768 [Worker-16] INFO  o.e.m.c.i.embedder.EclipseLogger - skip non existing resourceDirectory D:\CucumberMobileAutomation\MobileAutomation\src\main\resources
2018-10-07 10:22:34,783 [Worker-16] INFO  o.e.m.c.i.embedder.EclipseLogger - Using 'UTF-8' encoding to copy filtered resources.
2018-10-07 10:22:34,783 [Worker-16] INFO  o.e.m.c.i.embedder.EclipseLogger - skip non existing resourceDirectory D:\CucumberMobileAutomation\MobileAutomation\src\test\resources
2018-10-07 10:23:38,410 [Worker-21] INFO  o.e.m.c.i.embedder.EclipseLogger - Using 'UTF-8' encoding to copy filtered resources.
2018-10-07 10:23:38,410 [Worker-21] INFO  o.e.m.c.i.embedder.EclipseLogger - skip non existing resourceDirectory D:\CucumberMobileAutomation\MobileAutomation\src\main\resources
2018-10-07 10:23:38,425 [Worker-21] INFO  o.e.m.c.i.embedder.EclipseLogger - Using 'UTF-8' encoding to copy filtered resources.
2018-10-07 10:23:38,425 [Worker-21] INFO  o.e.m.c.i.embedder.EclipseLogger - skip non existing resourceDirectory D:\CucumberMobileAutomation\MobileAutomation\src\test\resources
2018-10-07 10:28:39,100 [Worker-19] INFO  o.e.m.c.i.embedder.EclipseLogger - Using 'UTF-8' encoding to copy filtered resources.
2018-10-07 10:28:39,100 [Worker-19] INFO  o.e.m.c.i.embedder.EclipseLogger - skip non existing resourceDirectory D:\CucumberMobileAutomation\MobileAutomation\src\main\resources
2018-10-07 10:28:39,100 [Worker-19] INFO  o.e.m.c.i.embedder.EclipseLogger - Using 'UTF-8' encoding to copy filtered resources.
2018-10-07 10:28:39,100 [Worker-19] INFO  o.e.m.c.i.embedder.EclipseLogger - skip non existing resourceDirectory D:\CucumberMobileAutomation\MobileAutomation\src\test\resources
2018-10-07 10:30:41,538 [Worker-23] INFO  o.e.m.c.i.embedder.EclipseLogger - Using 'UTF-8' encoding to copy filtered resources.
2018-10-07 10:30:41,538 [Worker-23] INFO  o.e.m.c.i.embedder.EclipseLogger - skip non existing resourceDirectory D:\CucumberMobileAutomation\MobileAutomation\src\main\resources
2018-10-07 10:30:41,553 [Worker-23] INFO  o.e.m.c.i.embedder.EclipseLogger - Using 'UTF-8' encoding to copy filtered resources.
2018-10-07 10:30:41,553 [Worker-23] INFO  o.e.m.c.i.embedder.EclipseLogger - skip non existing resourceDirectory D:\CucumberMobileAutomation\MobileAutomation\src\test\resources
2018-10-07 10:31:53,855 [Worker-23] INFO  o.e.m.c.i.embedder.EclipseLogger - Using 'UTF-8' encoding to copy filtered resources.
2018-10-07 10:31:53,855 [Worker-23] INFO  o.e.m.c.i.embedder.EclipseLogger - skip non existing resourceDirectory D:\CucumberMobileAutomation\MobileAutomation\src\main\resources
2018-10-07 10:31:53,871 [Worker-23] INFO  o.e.m.c.i.embedder.EclipseLogger - Using 'UTF-8' encoding to copy filtered resources.
2018-10-07 10:31:53,871 [Worker-23] INFO  o.e.m.c.i.embedder.EclipseLogger - skip non existing resourceDirectory D:\CucumberMobileAutomation\MobileAutomation\src\test\resources
2018-10-07 10:34:46,305 [Worker-16] INFO  o.e.m.c.i.embedder.EclipseLogger - Using 'UTF-8' encoding to copy filtered resources.
2018-10-07 10:34:46,305 [Worker-16] INFO  o.e.m.c.i.embedder.EclipseLogger - skip non existing resourceDirectory D:\CucumberMobileAutomation\MobileAutomation\src\main\resources
2018-10-07 10:34:46,305 [Worker-16] INFO  o.e.m.c.i.embedder.EclipseLogger - Using 'UTF-8' encoding to copy filtered resources.
2018-10-07 10:34:46,305 [Worker-16] INFO  o.e.m.c.i.embedder.EclipseLogger - skip non existing resourceDirectory D:\CucumberMobileAutomation\MobileAutomation\src\test\resources
2018-10-07 10:36:30,384 [Worker-0] INFO  o.e.m.c.i.embedder.EclipseLogger - Using 'UTF-8' encoding to copy filtered resources.
2018-10-07 10:36:30,384 [Worker-0] INFO  o.e.m.c.i.embedder.EclipseLogger - skip non existing resourceDirectory D:\CucumberMobileAutomation\MobileAutomation\src\main\resources
2018-10-07 10:36:30,384 [Worker-0] INFO  o.e.m.c.i.embedder.EclipseLogger - Using 'UTF-8' encoding to copy filtered resources.
2018-10-07 10:36:30,399 [Worker-0] INFO  o.e.m.c.i.embedder.EclipseLogger - skip non existing resourceDirectory D:\CucumberMobileAutomation\MobileAutomation\src\test\resources
2018-10-07 10:37:11,104 [Worker-19] INFO  o.e.m.c.i.embedder.EclipseLogger - Using 'UTF-8' encoding to copy filtered resources.
2018-10-07 10:37:11,119 [Worker-19] INFO  o.e.m.c.i.embedder.EclipseLogger - skip non existing resourceDirectory D:\CucumberMobileAutomation\MobileAutomation\src\main\resources
2018-10-07 10:37:11,119 [Worker-19] INFO  o.e.m.c.i.embedder.EclipseLogger - Using 'UTF-8' encoding to copy filtered resources.
2018-10-07 10:37:11,119 [Worker-19] INFO  o.e.m.c.i.embedder.EclipseLogger - skip non existing resourceDirectory D:\CucumberMobileAutomation\MobileAutomation\src\test\resources
2018-10-07 10:39:40,690 [Worker-25] INFO  o.e.m.c.i.embedder.EclipseLogger - Using 'UTF-8' encoding to copy filtered resources.
2018-10-07 10:39:40,690 [Worker-25] INFO  o.e.m.c.i.embedder.EclipseLogger - skip non existing resourceDirectory D:\CucumberMobileAutomation\MobileAutomation\src\main\resources
2018-10-07 10:39:40,690 [Worker-25] INFO  o.e.m.c.i.embedder.EclipseLogger - Using 'UTF-8' encoding to copy filtered resources.
2018-10-07 10:39:40,690 [Worker-25] INFO  o.e.m.c.i.embedder.EclipseLogger - skip non existing resourceDirectory D:\CucumberMobileAutomation\MobileAutomation\src\test\resources
2018-10-07 10:42:35,557 [Worker-23] INFO  o.e.m.c.i.embedder.EclipseLogger - Using 'UTF-8' encoding to copy filtered resources.
2018-10-07 10:42:35,557 [Worker-23] INFO  o.e.m.c.i.embedder.EclipseLogger - skip non existing resourceDirectory D:\CucumberMobileAutomation\MobileAutomation\src\main\resources
2018-10-07 10:42:35,557 [Worker-23] INFO  o.e.m.c.i.embedder.EclipseLogger - Using 'UTF-8' encoding to copy filtered resources.
2018-10-07 10:42:35,557 [Worker-23] INFO  o.e.m.c.i.embedder.EclipseLogger - skip non existing resourceDirectory D:\CucumberMobileAutomation\MobileAutomation\src\test\resources
2018-10-07 10:44:42,607 [Worker-24] INFO  o.e.m.c.i.embedder.EclipseLogger - Using 'UTF-8' encoding to copy filtered resources.
2018-10-07 10:44:42,607 [Worker-24] INFO  o.e.m.c.i.embedder.EclipseLogger - skip non existing resourceDirectory D:\CucumberMobileAutomation\MobileAutomation\src\main\resources
2018-10-07 10:44:42,623 [Worker-24] INFO  o.e.m.c.i.embedder.EclipseLogger - Using 'UTF-8' encoding to copy filtered resources.
2018-10-07 10:44:42,623 [Worker-24] INFO  o.e.m.c.i.embedder.EclipseLogger - skip non existing resourceDirectory D:\CucumberMobileAutomation\MobileAutomation\src\test\resources
2018-10-07 10:45:25,586 [Worker-16] INFO  o.e.m.c.i.embedder.EclipseLogger - Using 'UTF-8' encoding to copy filtered resources.
2018-10-07 10:45:25,586 [Worker-16] INFO  o.e.m.c.i.embedder.EclipseLogger - skip non existing resourceDirectory D:\CucumberMobileAutomation\MobileAutomation\src\main\resources
2018-10-07 10:45:25,586 [Worker-16] INFO  o.e.m.c.i.embedder.EclipseLogger - Using 'UTF-8' encoding to copy filtered resources.
2018-10-07 10:45:25,586 [Worker-16] INFO  o.e.m.c.i.embedder.EclipseLogger - skip non existing resourceDirectory D:\CucumberMobileAutomation\MobileAutomation\src\test\resources
2018-10-07 10:45:55,500 [Worker-23] INFO  o.e.m.c.i.embedder.EclipseLogger - Using 'UTF-8' encoding to copy filtered resources.
2018-10-07 10:45:55,500 [Worker-23] INFO  o.e.m.c.i.embedder.EclipseLogger - skip non existing resourceDirectory D:\CucumberMobileAutomation\MobileAutomation\src\main\resources
2018-10-07 10:45:55,515 [Worker-23] INFO  o.e.m.c.i.embedder.EclipseLogger - Using 'UTF-8' encoding to copy filtered resources.
2018-10-07 10:45:55,515 [Worker-23] INFO  o.e.m.c.i.embedder.EclipseLogger - skip non existing resourceDirectory D:\CucumberMobileAutomation\MobileAutomation\src\test\resources
2018-10-07 10:48:52,912 [Worker-16] INFO  o.e.m.c.i.embedder.EclipseLogger - Using 'UTF-8' encoding to copy filtered resources.
2018-10-07 10:48:52,912 [Worker-16] INFO  o.e.m.c.i.embedder.EclipseLogger - skip non existing resourceDirectory D:\CucumberMobileAutomation\MobileAutomation\src\main\resources
2018-10-07 10:48:52,912 [Worker-16] INFO  o.e.m.c.i.embedder.EclipseLogger - Using 'UTF-8' encoding to copy filtered resources.
2018-10-07 10:48:52,912 [Worker-16] INFO  o.e.m.c.i.embedder.EclipseLogger - skip non existing resourceDirectory D:\CucumberMobileAutomation\MobileAutomation\src\test\resources
2018-10-07 10:49:03,601 [Worker-16] INFO  o.e.m.c.i.embedder.EclipseLogger - Using 'UTF-8' encoding to copy filtered resources.
2018-10-07 10:49:03,617 [Worker-16] INFO  o.e.m.c.i.embedder.EclipseLogger - skip non existing resourceDirectory D:\CucumberMobileAutomation\MobileAutomation\src\main\resources
2018-10-07 10:49:03,617 [Worker-16] INFO  o.e.m.c.i.embedder.EclipseLogger - Using 'UTF-8' encoding to copy filtered resources.
2018-10-07 10:49:03,617 [Worker-16] INFO  o.e.m.c.i.embedder.EclipseLogger - skip non existing resourceDirectory D:\CucumberMobileAutomation\MobileAutomation\src\test\resources
2018-10-07 10:49:20,973 [Worker-24] INFO  o.e.m.c.i.embedder.EclipseLogger - Using 'UTF-8' encoding to copy filtered resources.
2018-10-07 10:49:20,973 [Worker-24] INFO  o.e.m.c.i.embedder.EclipseLogger - skip non existing resourceDirectory D:\CucumberMobileAutomation\MobileAutomation\src\main\resources
2018-10-07 10:49:20,989 [Worker-24] INFO  o.e.m.c.i.embedder.EclipseLogger - Using 'UTF-8' encoding to copy filtered resources.
2018-10-07 10:49:20,989 [Worker-24] INFO  o.e.m.c.i.embedder.EclipseLogger - skip non existing resourceDirectory D:\CucumberMobileAutomation\MobileAutomation\src\test\resources
2018-10-07 10:51:41,463 [Worker-27] INFO  o.e.m.c.i.embedder.EclipseLogger - Using 'UTF-8' encoding to copy filtered resources.
2018-10-07 10:51:41,463 [Worker-27] INFO  o.e.m.c.i.embedder.EclipseLogger - skip non existing resourceDirectory D:\CucumberMobileAutomation\MobileAutomation\src\main\resources
2018-10-07 10:51:41,463 [Worker-27] INFO  o.e.m.c.i.embedder.EclipseLogger - Using 'UTF-8' encoding to copy filtered resources.
2018-10-07 10:51:41,479 [Worker-27] INFO  o.e.m.c.i.embedder.EclipseLogger - skip non existing resourceDirectory D:\CucumberMobileAutomation\MobileAutomation\src\test\resources
2018-10-07 10:53:31,891 [Worker-22] INFO  o.e.m.c.i.embedder.EclipseLogger - Using 'UTF-8' encoding to copy filtered resources.
2018-10-07 10:53:31,891 [Worker-22] INFO  o.e.m.c.i.embedder.EclipseLogger - skip non existing resourceDirectory D:\CucumberMobileAutomation\MobileAutomation\src\main\resources
2018-10-07 10:53:31,891 [Worker-22] INFO  o.e.m.c.i.embedder.EclipseLogger - Using 'UTF-8' encoding to copy filtered resources.
2018-10-07 10:53:31,891 [Worker-22] INFO  o.e.m.c.i.embedder.EclipseLogger - skip non existing resourceDirectory D:\CucumberMobileAutomation\MobileAutomation\src\test\resources
2018-10-07 10:53:51,582 [Worker-19] INFO  o.e.m.c.i.embedder.EclipseLogger - Using 'UTF-8' encoding to copy filtered resources.
2018-10-07 10:53:51,582 [Worker-19] INFO  o.e.m.c.i.embedder.EclipseLogger - skip non existing resourceDirectory D:\CucumberMobileAutomation\MobileAutomation\src\main\resources
2018-10-07 10:53:51,582 [Worker-19] INFO  o.e.m.c.i.embedder.EclipseLogger - Using 'UTF-8' encoding to copy filtered resources.
2018-10-07 10:53:51,582 [Worker-19] INFO  o.e.m.c.i.embedder.EclipseLogger - skip non existing resourceDirectory D:\CucumberMobileAutomation\MobileAutomation\src\test\resources
2018-10-07 10:56:22,207 [Worker-28] INFO  o.e.m.c.i.embedder.EclipseLogger - Using 'UTF-8' encoding to copy filtered resources.
2018-10-07 10:56:22,207 [Worker-28] INFO  o.e.m.c.i.embedder.EclipseLogger - skip non existing resourceDirectory D:\CucumberMobileAutomation\MobileAutomation\src\main\resources
2018-10-07 10:56:22,207 [Worker-28] INFO  o.e.m.c.i.embedder.EclipseLogger - Using 'UTF-8' encoding to copy filtered resources.
2018-10-07 10:56:22,207 [Worker-28] INFO  o.e.m.c.i.embedder.EclipseLogger - skip non existing resourceDirectory D:\CucumberMobileAutomation\MobileAutomation\src\test\resources
2018-10-07 10:57:27,106 [Worker-25] INFO  o.e.m.c.i.embedder.EclipseLogger - Using 'UTF-8' encoding to copy filtered resources.
2018-10-07 10:57:27,106 [Worker-25] INFO  o.e.m.c.i.embedder.EclipseLogger - skip non existing resourceDirectory D:\CucumberMobileAutomation\MobileAutomation\src\main\resources
2018-10-07 10:57:27,106 [Worker-25] INFO  o.e.m.c.i.embedder.EclipseLogger - Using 'UTF-8' encoding to copy filtered resources.
2018-10-07 10:57:27,106 [Worker-25] INFO  o.e.m.c.i.embedder.EclipseLogger - skip non existing resourceDirectory D:\CucumberMobileAutomation\MobileAutomation\src\test\resources
2018-10-07 10:58:28,660 [Worker-25] INFO  o.e.m.c.i.embedder.EclipseLogger - Using 'UTF-8' encoding to copy filtered resources.
2018-10-07 10:58:28,660 [Worker-25] INFO  o.e.m.c.i.embedder.EclipseLogger - skip non existing resourceDirectory D:\CucumberMobileAutomation\MobileAutomation\src\main\resources
2018-10-07 10:58:28,660 [Worker-25] INFO  o.e.m.c.i.embedder.EclipseLogger - Using 'UTF-8' encoding to copy filtered resources.
2018-10-07 10:58:28,660 [Worker-25] INFO  o.e.m.c.i.embedder.EclipseLogger - skip non existing resourceDirectory D:\CucumberMobileAutomation\MobileAutomation\src\test\resources
2018-10-07 11:00:27,457 [Worker-29] INFO  o.e.m.c.i.embedder.EclipseLogger - Using 'UTF-8' encoding to copy filtered resources.
2018-10-07 11:00:27,457 [Worker-29] INFO  o.e.m.c.i.embedder.EclipseLogger - skip non existing resourceDirectory D:\CucumberMobileAutomation\MobileAutomation\src\main\resources
2018-10-07 11:00:27,457 [Worker-29] INFO  o.e.m.c.i.embedder.EclipseLogger - Using 'UTF-8' encoding to copy filtered resources.
2018-10-07 11:00:27,457 [Worker-29] INFO  o.e.m.c.i.embedder.EclipseLogger - skip non existing resourceDirectory D:\CucumberMobileAutomation\MobileAutomation\src\test\resources
2018-10-07 11:01:40,299 [Worker-30] INFO  o.e.m.c.i.embedder.EclipseLogger - Using 'UTF-8' encoding to copy filtered resources.
2018-10-07 11:01:40,299 [Worker-30] INFO  o.e.m.c.i.embedder.EclipseLogger - skip non existing resourceDirectory D:\CucumberMobileAutomation\MobileAutomation\src\main\resources
2018-10-07 11:01:40,299 [Worker-30] INFO  o.e.m.c.i.embedder.EclipseLogger - Using 'UTF-8' encoding to copy filtered resources.
2018-10-07 11:01:40,299 [Worker-30] INFO  o.e.m.c.i.embedder.EclipseLogger - skip non existing resourceDirectory D:\CucumberMobileAutomation\MobileAutomation\src\test\resources
2018-10-07 11:01:54,106 [Worker-30] INFO  o.e.m.c.i.embedder.EclipseLogger - Using 'UTF-8' encoding to copy filtered resources.
2018-10-07 11:01:54,106 [Worker-30] INFO  o.e.m.c.i.embedder.EclipseLogger - skip non existing resourceDirectory D:\CucumberMobileAutomation\MobileAutomation\src\main\resources
2018-10-07 11:01:54,106 [Worker-30] INFO  o.e.m.c.i.embedder.EclipseLogger - Using 'UTF-8' encoding to copy filtered resources.
2018-10-07 11:01:54,106 [Worker-30] INFO  o.e.m.c.i.embedder.EclipseLogger - skip non existing resourceDirectory D:\CucumberMobileAutomation\MobileAutomation\src\test\resources
2018-10-07 11:03:50,156 [Worker-19] INFO  o.e.m.c.i.embedder.EclipseLogger - Using 'UTF-8' encoding to copy filtered resources.
2018-10-07 11:03:50,156 [Worker-19] INFO  o.e.m.c.i.embedder.EclipseLogger - skip non existing resourceDirectory D:\CucumberMobileAutomation\MobileAutomation\src\main\resources
2018-10-07 11:03:50,156 [Worker-19] INFO  o.e.m.c.i.embedder.EclipseLogger - Using 'UTF-8' encoding to copy filtered resources.
2018-10-07 11:03:50,156 [Worker-19] INFO  o.e.m.c.i.embedder.EclipseLogger - skip non existing resourceDirectory D:\CucumberMobileAutomation\MobileAutomation\src\test\resources
2018-10-07 11:06:53,876 [Worker-22] INFO  o.e.m.c.i.embedder.EclipseLogger - Using 'UTF-8' encoding to copy filtered resources.
2018-10-07 11:06:53,876 [Worker-22] INFO  o.e.m.c.i.embedder.EclipseLogger - skip non existing resourceDirectory D:\CucumberMobileAutomation\MobileAutomation\src\main\resources
2018-10-07 11:06:53,891 [Worker-22] INFO  o.e.m.c.i.embedder.EclipseLogger - Using 'UTF-8' encoding to copy filtered resources.
2018-10-07 11:06:53,891 [Worker-22] INFO  o.e.m.c.i.embedder.EclipseLogger - skip non existing resourceDirectory D:\CucumberMobileAutomation\MobileAutomation\src\test\resources
2018-10-07 11:07:17,058 [Worker-23] INFO  o.e.m.c.i.embedder.EclipseLogger - Using 'UTF-8' encoding to copy filtered resources.
2018-10-07 11:07:17,058 [Worker-23] INFO  o.e.m.c.i.embedder.EclipseLogger - skip non existing resourceDirectory D:\CucumberMobileAutomation\MobileAutomation\src\main\resources
2018-10-07 11:07:17,058 [Worker-23] INFO  o.e.m.c.i.embedder.EclipseLogger - Using 'UTF-8' encoding to copy filtered resources.
2018-10-07 11:07:17,058 [Worker-23] INFO  o.e.m.c.i.embedder.EclipseLogger - skip non existing resourceDirectory D:\CucumberMobileAutomation\MobileAutomation\src\test\resources
2018-10-07 11:16:26,524 [Worker-9] INFO  o.e.m.c.i.embedder.EclipseLogger - Using 'UTF-8' encoding to copy filtered resources.
2018-10-07 11:16:26,530 [Worker-9] INFO  o.e.m.c.i.embedder.EclipseLogger - skip non existing resourceDirectory D:\CucumberMobileAutomation\MobileAutomation\src\main\resources
2018-10-07 11:16:26,534 [Worker-9] INFO  o.e.m.c.i.embedder.EclipseLogger - Using 'UTF-8' encoding to copy filtered resources.
2018-10-07 11:16:26,534 [Worker-9] INFO  o.e.m.c.i.embedder.EclipseLogger - skip non existing resourceDirectory D:\CucumberMobileAutomation\MobileAutomation\src\test\resources
2018-10-07 11:18:28,746 [Worker-3] INFO  o.e.m.c.i.embedder.EclipseLogger - Using 'UTF-8' encoding to copy filtered resources.
2018-10-07 11:18:28,746 [Worker-3] INFO  o.e.m.c.i.embedder.EclipseLogger - skip non existing resourceDirectory D:\CucumberMobileAutomation\MobileAutomation\src\main\resources
2018-10-07 11:18:28,761 [Worker-3] INFO  o.e.m.c.i.embedder.EclipseLogger - Using 'UTF-8' encoding to copy filtered resources.
2018-10-07 11:18:28,761 [Worker-3] INFO  o.e.m.c.i.embedder.EclipseLogger - skip non existing resourceDirectory D:\CucumberMobileAutomation\MobileAutomation\src\test\resources
